<?xml version="1.0" encoding="UTF-8"?>
<testsuite xmlns:xsi="http://www.w3.org/2001/XMLSchema-instance" xsi:noNamespaceSchemaLocation="https://maven.apache.org/surefire/maven-surefire-plugin/xsd/surefire-test-report.xsd" version="3.0.2" name="com.yovi.gateway.controller.UsersControllerTest" time="1.056" tests="8" errors="0" skipped="0" failures="0">
  <properties>
[...]
</properties>
  <testcase name="createUser_returnsOkFromUpstream" classname="com.yovi.gateway.controller.UsersControllerTest" time="0.009">
    <system-out><![CDATA[2026-03-07T09:29:34.236Z  INFO 95 --- [           main] t.c.s.AnnotationConfigContextLoaderUtils : Could not detect default configuration classes for test class [com.yovi.gateway.controller.UsersControllerTest]: UsersControllerTest does not declare any static, non-private, non-final, nested classes annotated with @Configuration.
2026-03-07T09:29:34.301Z  INFO 95 --- [           main] .b.t.c.SpringBootTestContextBootstrapper : Found @SpringBootConfiguration com.yovi.gateway.GatewayApplication for test class com.yovi.gateway.controller.UsersControllerTest

  .   ____          _            __ _ _
 /\\ / ___'_ __ _ _(_)_ __  __ _ \ \ \ \
( ( )\___ | '_ | '_| | '_ \/ _` | \ \ \ \
 \\/  ___)| |_)| | | | | || (_| |  ) ) ) )
  '  |____| .__|_| |_|_| |_\__, | / / / /
 =========|_|==============|___/=/_/_/_/

 :: Spring Boot ::                (v3.4.3)

2026-03-07T09:29:34.421Z  INFO 95 --- [           main] c.y.g.controller.UsersControllerTest     : Starting UsersControllerTest using Java 21.0.3 with PID 95 (started by root in /app)
2026-03-07T09:29:34.421Z  INFO 95 --- [           main] c.y.g.controller.UsersControllerTest     : No active profile set, falling back to 1 default profile: "default"
2026-03-07T09:29:35.206Z  INFO 95 --- [           main] o.s.b.t.m.w.SpringBootMockServletContext : Initializing Spring TestDispatcherServlet ''
2026-03-07T09:29:35.206Z  INFO 95 --- [           main] o.s.t.web.servlet.TestDispatcherServlet  : Initializing Servlet ''
2026-03-07T09:29:35.207Z  INFO 95 --- [           main] o.s.t.web.servlet.TestDispatcherServlet  : Completed initialization in 1 ms
2026-03-07T09:29:35.215Z  INFO 95 --- [           main] c.y.g.controller.UsersControllerTest     : Started UsersControllerTest in 0.904 seconds (process running for 14.319)
]]></system-out>
  </testcase>
  <testcase name="createUser_propagatesUpstreamError" classname="com.yovi.gateway.controller.UsersControllerTest" time="0.006"/>
  <testcase name="seedGames_returnsCreatedFromUpstream" classname="com.yovi.gateway.controller.UsersControllerTest" time="0.006"/>
  <testcase name="seedGames_propagatesErrorFromUpstream" classname="com.yovi.gateway.controller.UsersControllerTest" time="0.005"/>
  <testcase name="saveGame_returnsCreatedFromUpstream" classname="com.yovi.gateway.controller.UsersControllerTest" time="0.008"/>
  <testcase name="saveGame_propagatesBadRequestFromUpstream" classname="com.yovi.gateway.controller.UsersControllerTest" time="0.004"/>
  <testcase name="getGames_returnsGamesListFromUpstream" classname="com.yovi.gateway.controller.UsersControllerTest" time="0.004"/>
  <testcase name="getGames_propagatesUpstreamServerError" classname="com.yovi.gateway.controller.UsersControllerTest" time="0.005"/>
</testsuite>